[Fri Sep 25 18:14:11.036528 2020] [php7:warn] [pid 1303655] [client ::1:55966] PHP Warning:  mkdir(): Permission denied in /home/john/code/ispresentinglive/chat/clicker.php on line 224, referer: http://localhost:8087/
[Fri Sep 25 18:14:11.036604 2020] [php7:warn] [pid 1303655] [client ::1:55966] PHP Warning:  mkdir(): Permission denied in /home/john/code/ispresentinglive/chat/clicker.php on line 235, referer: http://localhost:8087/
[Fri Sep 25 18:14:11.036636 2020] [php7:warn] [pid 1303655] [client ::1:55966] PHP Warning:  file_put_contents(./events/event10022/event_passwort.txt): failed to open stream: No such file or directory in /home/john/code/ispresentinglive/chat/clicker.php on line 236, referer: http://localhost:8087/
[Fri Sep 25 18:14:11.036656 2020] [php7:warn] [pid 1303655] [client ::1:55966] PHP Warning:  touch(): Unable to create file ./events/event10022/event_users.txt because No such file or directory in /home/john/code/ispresentinglive/chat/clicker.php on line 237, referer: http://localhost:8087/
[Fri Sep 25 18:14:11.036672 2020] [php7:warn] [pid 1303655] [client ::1:55966] PHP Warning:  touch(): Unable to create file ./events/event10022/event_questions.txt because No such file or directory in /home/john/code/ispresentinglive/chat/clicker.php on line 238, referer: http://localhost:8087/
[Fri Sep 25 18:14:11.036687 2020] [php7:warn] [pid 1303655] [client ::1:55966] PHP Warning:  touch(): Unable to create file ./events/event10022/event_summary.txt because No such file or directory in /home/john/code/ispresentinglive/chat/clicker.php on line 239, referer: http://localhost:8087/
[Fri Sep 25 18:14:11.036706 2020] [php7:warn] [pid 1303655] [client ::1:55966] PHP Warning:  file_put_contents(./events/clicker.log): failed to open stream: No such file or directory in /home/john/code/ispresentinglive/chat/clicker.php on line 241, referer: http://localhost:8087/
[Fri Sep 25 18:41:11.814724 2020] [php7:warn] [pid 1304473] [client ::1:42736] PHP Warning:  mkdir(): Permission denied in /home/john/code/ispresentinglive/chat/clicker.php on line 235, referer: http://localhost:8087/
[Fri Sep 25 18:41:11.819690 2020] [php7:warn] [pid 1304473] [client ::1:42736] PHP Warning:  file_put_contents(./events/event10081/event_passwort.txt): failed to open stream: No such file or directory in /home/john/code/ispresentinglive/chat/clicker.php on line 236, referer: http://localhost:8087/
[Fri Sep 25 18:41:11.820077 2020] [php7:warn] [pid 1304473] [client ::1:42736] PHP Warning:  touch(): Unable to create file ./events/event10081/event_users.txt because No such file or directory in /home/john/code/ispresentinglive/chat/clicker.php on line 237, referer: http://localhost:8087/
[Fri Sep 25 18:41:11.820257 2020] [php7:warn] [pid 1304473] [client ::1:42736] PHP Warning:  touch(): Unable to create file ./events/event10081/event_questions.txt because No such file or directory in /home/john/code/ispresentinglive/chat/clicker.php on line 238, referer: http://localhost:8087/
[Fri Sep 25 18:41:11.821644 2020] [php7:warn] [pid 1304473] [client ::1:42736] PHP Warning:  touch(): Unable to create file ./events/event10081/event_summary.txt because No such file or directory in /home/john/code/ispresentinglive/chat/clicker.php on line 239, referer: http://localhost:8087/
[Fri Sep 25 18:41:11.822307 2020] [php7:warn] [pid 1304473] [client ::1:42736] PHP Warning:  file_put_contents(./events/clicker.log): failed to open stream: Permission denied in /home/john/code/ispresentinglive/chat/clicker.php on line 241, referer: http://localhost:8087/
[Fri Sep 25 18:41:20.844634 2020] [php7:warn] [pid 1304476] [client ::1:42774] PHP Warning:  mkdir(): Permission denied in /home/john/code/ispresentinglive/chat/clicker.php on line 235, referer: http://localhost:8087/
[Fri Sep 25 18:41:20.845782 2020] [php7:warn] [pid 1304476] [client ::1:42774] PHP Warning:  file_put_contents(./events/event18217/event_passwort.txt): failed to open stream: No such file or directory in /home/john/code/ispresentinglive/chat/clicker.php on line 236, referer: http://localhost:8087/
[Fri Sep 25 18:41:20.846837 2020] [php7:warn] [pid 1304476] [client ::1:42774] PHP Warning:  touch(): Unable to create file ./events/event18217/event_users.txt because No such file or directory in /home/john/code/ispresentinglive/chat/clicker.php on line 237, referer: http://localhost:8087/
[Fri Sep 25 18:41:20.848026 2020] [php7:warn] [pid 1304476] [client ::1:42774] PHP Warning:  touch(): Unable to create file ./events/event18217/event_questions.txt because No such file or directory in /home/john/code/ispresentinglive/chat/clicker.php on line 238, referer: http://localhost:8087/
[Fri Sep 25 18:41:20.849034 2020] [php7:warn] [pid 1304476] [client ::1:42774] PHP Warning:  touch(): Unable to create file ./events/event18217/event_summary.txt because No such file or directory in /home/john/code/ispresentinglive/chat/clicker.php on line 239, referer: http://localhost:8087/
[Fri Sep 25 18:41:20.849188 2020] [php7:warn] [pid 1304476] [client ::1:42774] PHP Warning:  file_put_contents(./events/clicker.log): failed to open stream: Permission denied in /home/john/code/ispresentinglive/chat/clicker.php on line 241, referer: http://localhost:8087/
[Mon Sep 28 11:52:10.916725 2020] [php7:notice] [pid 667342] [client ::1:52628] PHP Notice:  Undefined index: e in /home/john/code/ipl-qa/index.php on line 6
[Mon Sep 28 11:52:10.916997 2020] [php7:notice] [pid 667342] [client ::1:52628] PHP Notice:  Undefined index: p in /home/john/code/ipl-qa/index.php on line 6
[Mon Sep 28 11:55:59.943693 2020] [php7:notice] [pid 667342] [client ::1:54608] PHP Notice:  Undefined index: e in /home/john/code/ipl-qa/index.php on line 3
[Mon Sep 28 11:55:59.943758 2020] [php7:notice] [pid 667342] [client ::1:54608] PHP Notice:  Undefined index: p in /home/john/code/ipl-qa/index.php on line 3
[Mon Sep 28 11:56:02.750123 2020] [php7:notice] [pid 667342] [client ::1:54608] PHP Notice:  Undefined index: e in /home/john/code/ipl-qa/index.php on line 3, referer: http://localhost:8089/
[Mon Sep 28 11:56:47.293374 2020] [php7:notice] [pid 667342] [client ::1:55014] PHP Notice:  Undefined index: e in /home/john/code/ipl-qa/index.php on line 3, referer: http://localhost:8089/
[Mon Sep 28 11:56:55.945784 2020] [php7:notice] [pid 655073] [client ::1:55094] PHP Notice:  Undefined index: e in /home/john/code/ipl-qa/index.php on line 3, referer: http://localhost:8089/
[Mon Sep 28 11:57:11.346804 2020] [php7:notice] [pid 655071] [client ::1:55230] PHP Notice:  Undefined index: e in /home/john/code/ipl-qa/index.php on line 3, referer: http://localhost:8089/
[Mon Sep 28 11:57:14.904143 2020] [php7:notice] [pid 668935] [client ::1:55236] PHP Notice:  Undefined index: e in /home/john/code/ipl-qa/index.php on line 3
[Mon Sep 28 11:57:14.904193 2020] [php7:notice] [pid 668935] [client ::1:55236] PHP Notice:  Undefined index: p in /home/john/code/ipl-qa/index.php on line 3
[Mon Sep 28 11:57:18.011945 2020] [php7:notice] [pid 668935] [client ::1:55236] PHP Notice:  Undefined index: e in /home/john/code/ipl-qa/index.php on line 3
[Mon Sep 28 11:57:18.012007 2020] [php7:notice] [pid 668935] [client ::1:55236] PHP Notice:  Undefined index: p in /home/john/code/ipl-qa/index.php on line 3
[Mon Sep 28 11:57:20.229754 2020] [php7:notice] [pid 668935] [client ::1:55236] PHP Notice:  Undefined index: e in /home/john/code/ipl-qa/index.php on line 3, referer: http://localhost:8089/
[Mon Sep 28 11:57:23.207514 2020] [php7:notice] [pid 667243] [client ::1:55330] PHP Notice:  Undefined index: e in /home/john/code/ipl-qa/index.php on line 3
[Mon Sep 28 11:57:23.207552 2020] [php7:notice] [pid 667243] [client ::1:55330] PHP Notice:  Undefined index: p in /home/john/code/ipl-qa/index.php on line 3
[Mon Sep 28 11:58:15.656031 2020] [php7:notice] [pid 667299] [client ::1:55790] PHP Notice:  Undefined index: e in /home/john/code/ipl-qa/index.php on line 3, referer: http://localhost:8089/
[Mon Sep 28 11:59:00.260832 2020] [php7:notice] [pid 655073] [client ::1:56170] PHP Notice:  Undefined index: e in /home/john/code/ipl-qa/index.php on line 3, referer: http://localhost:8089/
[Mon Sep 28 12:01:24.811703 2020] [php7:notice] [pid 667243] [client ::1:57388] PHP Notice:  Undefined index: e in /home/john/code/ipl-qa/index.php on line 3, referer: http://localhost:8089/
[Mon Sep 28 12:01:34.391848 2020] [php7:notice] [pid 655075] [client ::1:57468] PHP Notice:  Undefined index: e in /home/john/code/ipl-qa/index.php on line 3, referer: http://localhost:8089/
[Mon Sep 28 12:02:36.614857 2020] [php7:notice] [pid 664582] [client ::1:58010] PHP Notice:  Undefined index: e in /home/john/code/ipl-qa/index.php on line 3
[Mon Sep 28 12:02:36.614928 2020] [php7:notice] [pid 664582] [client ::1:58010] PHP Notice:  Undefined index: p in /home/john/code/ipl-qa/index.php on line 3
[Mon Sep 28 12:04:55.679812 2020] [php7:notice] [pid 671399] [client ::1:59220] PHP Notice:  Undefined index: e in /home/john/code/ipl-qa/index.php on line 3, referer: http://localhost:8089/
[Mon Sep 28 12:07:26.251107 2020] [php7:notice] [pid 667235] [client ::1:60476] PHP Notice:  Undefined index: e in /home/john/code/ipl-qa/index.php on line 3
[Mon Sep 28 12:07:26.251149 2020] [php7:notice] [pid 667235] [client ::1:60476] PHP Notice:  Undefined index: p in /home/john/code/ipl-qa/index.php on line 3
